# JRE version: Java(TM) SE Runtime Environment (8.0_201-b09) (build 1.8.0_201-b09)
# Java VM: Java HotSpot(TM) 64-Bit Server VM (25.201-b09 mixed mode windows-amd64 compressed oops)
Heap:
 PSYoungGen      total 313344K, used 132977K [0x00000000d5e00000, 0x00000000eff00000, 0x0000000100000000)
  eden space 274432K, 48% used [0x00000000d5e00000,0x00000000ddfdc780,0x00000000e6a00000)
  from space 38912K, 0% used [0x00000000e6a00000,0x00000000e6a00000,0x00000000e9000000)
  to   space 36864K, 0% used [0x00000000edb00000,0x00000000edb00000,0x00000000eff00000)
 ParOldGen       total 126464K, used 31691K [0x0000000081a00000, 0x0000000089580000, 0x00000000d5e00000)
  object space 126464K, 25% used [0x0000000081a00000,0x00000000838f2ee8,0x0000000089580000)
 Metaspace       used 41023K, capacity 42014K, committed 42368K, reserved 1087488K
  class space    used 4868K, capacity 5151K, committed 5248K, reserved 1048576K
GC Heap History (10 events):
Event: 6.463 GC heap before
{Heap before GC invocations=7 (full 1):
 PSYoungGen      total 138240K, used 133120K [0x00000000d5e00000, 0x00000000e7b00000, 0x0000000100000000)
  eden space 133120K, 100% used [0x00000000d5e00000,0x00000000de000000,0x00000000de000000)
  from space 5120K, 0% used [0x00000000de000000,0x00000000de000000,0x00000000de500000)
  to   space 12800K, 0% used [0x00000000e6e80000,0x00000000e6e80000,0x00000000e7b00000)
 ParOldGen       total 74240K, used 13828K [0x0000000081a00000, 0x0000000086280000, 0x00000000d5e00000)
  object space 74240K, 18% used [0x0000000081a00000,0x00000000827813a8,0x0000000086280000)
 Metaspace       used 24134K, capacity 24682K, committed 24832K, reserved 1071104K
  class space    used 2797K, capacity 2966K, committed 3072K, reserved 1048576K
Event: 6.490 GC heap after
Heap after GC invocations=7 (full 1):
 PSYoungGen      total 200704K, used 12776K [0x00000000d5e00000, 0x00000000e7b00000, 0x0000000100000000)
  eden space 187904K, 0% used [0x00000000d5e00000,0x00000000d5e00000,0x00000000e1580000)
  from space 12800K, 99% used [0x00000000e6e80000,0x00000000e7afa1b0,0x00000000e7b00000)
  to   space 18944K, 0% used [0x00000000e5600000,0x00000000e5600000,0x00000000e6880000)
 ParOldGen       total 74240K, used 21666K [0x0000000081a00000, 0x0000000086280000, 0x00000000d5e00000)
  object space 74240K, 29% used [0x0000000081a00000,0x0000000082f28810,0x0000000086280000)
 Metaspace       used 24134K, capacity 24682K, committed 24832K, reserved 1071104K
  class space    used 2797K, capacity 2966K, committed 3072K, reserved 1048576K
}
Event: 7.417 GC heap before
{Heap before GC invocations=8 (full 1):
 PSYoungGen      total 200704K, used 200680K [0x00000000d5e00000, 0x00000000e7b00000, 0x0000000100000000)
  eden space 187904K, 100% used [0x00000000d5e00000,0x00000000e1580000,0x00000000e1580000)
  from space 12800K, 99% used [0x00000000e6e80000,0x00000000e7afa1b0,0x00000000e7b00000)
  to   space 18944K, 0% used [0x00000000e5600000,0x00000000e5600000,0x00000000e6880000)
 ParOldGen       total 74240K, used 21666K [0x0000000081a00000, 0x0000000086280000, 0x00000000d5e00000)
  object space 74240K, 29% used [0x0000000081a00000,0x0000000082f28810,0x0000000086280000)
 Metaspace       used 24162K, capacity 24696K, committed 24832K, reserved 1071104K
  class space    used 2799K, capacity 2968K, committed 3072K, reserved 1048576K
Event: 7.479 GC heap after
Heap after GC invocations=8 (full 1):
 PSYoungGen      total 272896K, used 18918K [0x00000000d5e00000, 0x00000000eac80000, 0x0000000100000000)
  eden space 253952K, 0% used [0x00000000d5e00000,0x00000000d5e00000,0x00000000e5600000)
  from space 18944K, 99% used [0x00000000e5600000,0x00000000e6879920,0x00000000e6880000)
  to   space 29184K, 0% used [0x00000000e9000000,0x00000000e9000000,0x00000000eac80000)
 ParOldGen       total 74240K, used 35782K [0x0000000081a00000, 0x0000000086280000, 0x00000000d5e00000)
  object space 74240K, 48% used [0x0000000081a00000,0x0000000083cf19a0,0x0000000086280000)
 Metaspace       used 24162K, capacity 24696K, committed 24832K, reserved 1071104K
  class space    used 2799K, capacity 2968K, committed 3072K, reserved 1048576K
}
Event: 8.692 GC heap before
{Heap before GC invocations=9 (full 1):
 PSYoungGen      total 272896K, used 272870K [0x00000000d5e00000, 0x00000000eac80000, 0x0000000100000000)
  eden space 253952K, 100% used [0x00000000d5e00000,0x00000000e5600000,0x00000000e5600000)
  from space 18944K, 99% used [0x00000000e5600000,0x00000000e6879920,0x00000000e6880000)
  to   space 29184K, 0% used [0x00000000e9000000,0x00000000e9000000,0x00000000eac80000)
 ParOldGen       total 74240K, used 35782K [0x0000000081a00000, 0x0000000086280000, 0x00000000d5e00000)
  object space 74240K, 48% used [0x0000000081a00000,0x0000000083cf19a0,0x0000000086280000)
 Metaspace       used 24829K, capacity 25474K, committed 25600K, reserved 1071104K
  class space    used 2876K, capacity 3037K, committed 3072K, reserved 1048576K
Event: 8.740 GC heap after
Heap after GC invocations=9 (full 1):
 PSYoungGen      total 303616K, used 29158K [0x00000000d5e00000, 0x00000000f2480000, 0x0000000100000000)
  eden space 274432K, 0% used [0x00000000d5e00000,0x00000000d5e00000,0x00000000e6a00000)
  from space 29184K, 99% used [0x00000000e9000000,0x00000000eac79870,0x00000000eac80000)
  to   space 38912K, 0% used [0x00000000e6a00000,0x00000000e6a00000,0x00000000e9000000)
 ParOldGen       total 74240K, used 46875K [0x0000000081a00000, 0x0000000086280000, 0x00000000d5e00000)
  object space 74240K, 63% used [0x0000000081a00000,0x00000000847c6ef0,0x0000000086280000)
 Metaspace       used 24829K, capacity 25474K, committed 25600K, reserved 1071104K
  class space    used 2876K, capacity 3037K, committed 3072K, reserved 1048576K
}
Event: 11.145 GC heap before
{Heap before GC invocations=10 (full 1):
 PSYoungGen      total 303616K, used 130600K [0x00000000d5e00000, 0x00000000f2480000, 0x0000000100000000)
  eden space 274432K, 36% used [0x00000000d5e00000,0x00000000dc1107d0,0x00000000e6a00000)
  from space 29184K, 99% used [0x00000000e9000000,0x00000000eac79870,0x00000000eac80000)
  to   space 38912K, 0% used [0x00000000e6a00000,0x00000000e6a00000,0x00000000e9000000)
 ParOldGen       total 74240K, used 46875K [0x0000000081a00000, 0x0000000086280000, 0x00000000d5e00000)
  object space 74240K, 63% used [0x0000000081a00000,0x00000000847c6ef0,0x0000000086280000)
 Metaspace       used 34493K, capacity 35276K, committed 35416K, reserved 1081344K
  class space    used 4081K, capacity 4300K, committed 4352K, reserved 1048576K
Event: 11.169 GC heap after
Heap after GC invocations=10 (full 1):
 PSYoungGen      total 313344K, used 15496K [0x00000000d5e00000, 0x00000000eff00000, 0x0000000100000000)
  eden space 274432K, 0% used [0x00000000d5e00000,0x00000000d5e00000,0x00000000e6a00000)
  from space 38912K, 39% used [0x00000000e6a00000,0x00000000e79223a0,0x00000000e9000000)
  to   space 36864K, 0% used [0x00000000edb00000,0x00000000edb00000,0x00000000eff00000)
 ParOldGen       total 74240K, used 49750K [0x0000000081a00000, 0x0000000086280000, 0x00000000d5e00000)
  object space 74240K, 67% used [0x0000000081a00000,0x0000000084a95b20,0x0000000086280000)
 Metaspace       used 34493K, capacity 35276K, committed 35416K, reserved 1081344K
  class space    used 4081K, capacity 4300K, committed 4352K, reserved 1048576K
}
Event: 11.169 GC heap before
{Heap before GC invocations=11 (full 2):
 PSYoungGen      total 313344K, used 15496K [0x00000000d5e00000, 0x00000000eff00000, 0x0000000100000000)
  eden space 274432K, 0% used [0x00000000d5e00000,0x00000000d5e00000,0x00000000e6a00000)
  from space 38912K, 39% used [0x00000000e6a00000,0x00000000e79223a0,0x00000000e9000000)
  to   space 36864K, 0% used [0x00000000edb00000,0x00000000edb00000,0x00000000eff00000)
 ParOldGen       total 74240K, used 49750K [0x0000000081a00000, 0x0000000086280000, 0x00000000d5e00000)
  object space 74240K, 67% used [0x0000000081a00000,0x0000000084a95b20,0x0000000086280000)
 Metaspace       used 34493K, capacity 35276K, committed 35416K, reserved 1081344K
  class space    used 4081K, capacity 4300K, committed 4352K, reserved 1048576K
Event: 11.340 GC heap after
Heap after GC invocations=11 (full 2):
 PSYoungGen      total 313344K, used 0K [0x00000000d5e00000, 0x00000000eff00000, 0x0000000100000000)
  eden space 274432K, 0% used [0x00000000d5e00000,0x00000000d5e00000,0x00000000e6a00000)
  from space 38912K, 0% used [0x00000000e6a00000,0x00000000e6a00000,0x00000000e9000000)
  to   space 36864K, 0% used [0x00000000edb00000,0x00000000edb00000,0x00000000eff00000)
 ParOldGen       total 126464K, used 31691K [0x0000000081a00000, 0x0000000089580000, 0x00000000d5e00000)
  object space 126464K, 25% used [0x0000000081a00000,0x00000000838f2ee8,0x0000000089580000)
 Metaspace       used 34493K, capacity 35276K, committed 35416K, reserved 1081344K
  class space    used 4081K, capacity 4300K, committed 4352K, reserved 1048576K
}

